                                 Started job on |	Apr 27 18:02:40
                             Started mapping on |	Apr 27 18:02:42
                                    Finished on |	Apr 27 18:17:23
       Mapping speed, Million of reads per hour |	0.41

                          Number of input reads |	100000
                      Average input read length |	300
                                    UNIQUE READS:
                   Uniquely mapped reads number |	3399
                        Uniquely mapped reads % |	3.40%
                          Average mapped length |	290.67
                       Number of splices: Total |	3155
            Number of splices: Annotated (sjdb) |	0
                       Number of splices: GT/AG |	3061
                       Number of splices: GC/AG |	16
                       Number of splices: AT/AC |	1
               Number of splices: Non-canonical |	77
                      Mismatch rate per base, % |	1.02%
                         Deletion rate per base |	0.03%
                        Deletion average length |	2.77
                        Insertion rate per base |	0.05%
                       Insertion average length |	2.24
                             MULTI-MAPPING READS:
        Number of reads mapped to multiple loci |	135
             % of reads mapped to multiple loci |	0.14%
        Number of reads mapped to too many loci |	1
             % of reads mapped to too many loci |	0.00%
                                  UNMAPPED READS:
       % of reads unmapped: too many mismatches |	0.00%
                 % of reads unmapped: too short |	93.31%
                     % of reads unmapped: other |	3.16%
                                  CHIMERIC READS:
                       Number of chimeric reads |	0
                            % of chimeric reads |	0.00%
