                                 Started job on |	Apr 27 18:17:24
                             Started mapping on |	Apr 27 18:17:25
                                    Finished on |	Apr 27 18:32:47
       Mapping speed, Million of reads per hour |	0.39

                          Number of input reads |	100000
                      Average input read length |	300
                                    UNIQUE READS:
                   Uniquely mapped reads number |	3403
                        Uniquely mapped reads % |	3.40%
                          Average mapped length |	291.65
                       Number of splices: Total |	3071
            Number of splices: Annotated (sjdb) |	0
                       Number of splices: GT/AG |	2981
                       Number of splices: GC/AG |	14
                       Number of splices: AT/AC |	0
               Number of splices: Non-canonical |	76
                      Mismatch rate per base, % |	0.95%
                         Deletion rate per base |	0.04%
                        Deletion average length |	2.78
                        Insertion rate per base |	0.05%
                       Insertion average length |	2.57
                             MULTI-MAPPING READS:
        Number of reads mapped to multiple loci |	127
             % of reads mapped to multiple loci |	0.13%
        Number of reads mapped to too many loci |	0
             % of reads mapped to too many loci |	0.00%
                                  UNMAPPED READS:
       % of reads unmapped: too many mismatches |	0.00%
                 % of reads unmapped: too short |	93.35%
                     % of reads unmapped: other |	3.12%
                                  CHIMERIC READS:
                       Number of chimeric reads |	0
                            % of chimeric reads |	0.00%
